Assembler report for T4_8
Wed Oct 24 13:29:37 2018
Quartus Prime Version 18.0.0 Build 614 04/24/2018 SJ Lite Edition


---------------------
; Table of Contents ;
---------------------
  1. Legal Notice
  2. Assembler Summary
  3. Assembler Settings
  4. Assembler Generated Files
  5. Assembler Device Options: C:/local/T4_8/output_files/T4_8.sof
  6. Assembler Messages



----------------
; Legal Notice ;
----------------
Copyright (C) 2018  Intel Corporation. All rights reserved.
Your use of Intel Corporation's design tools, logic functions 
and other software and tools, and its AMPP partner logic 
functions, and any output files from any of the foregoing 
(including device programming or simulation files), and any 
associated documentation or information are expressly subject 
to the terms and conditions of the Intel Program License 
Subscription Agreement, the Intel Quartus Prime License Agreement,
the Intel FPGA IP License Agreement, or other applicable license
agreement, including, without limitation, that your use is for
the sole purpose of programming logic devices manufactured by
Intel and sold by Intel or its authorized distributors.  Please
refer to the applicable agreement for further details.



+---------------------------------------------------------------+
; Assembler Summary                                             ;
+-----------------------+---------------------------------------+
; Assembler Status      ; Successful - Wed Oct 24 13:29:37 2018 ;
; Revision Name         ; T4_8                                  ;
; Top-level Entity Name ; T4_8                                  ;
; Family                ; MAX 10                                ;
; Device                ; 10M50DAF484C7G                        ;
+-----------------------+---------------------------------------+


+----------------------------------+
; Assembler Settings               ;
+--------+---------+---------------+
; Option ; Setting ; Default Value ;
+--------+---------+---------------+


+-------------------------------------+
; Assembler Generated Files           ;
+-------------------------------------+
; File Name                           ;
+-------------------------------------+
; C:/local/T4_8/output_files/T4_8.sof ;
+-------------------------------------+


+---------------------------------------------------------------+
; Assembler Device Options: C:/local/T4_8/output_files/T4_8.sof ;
+----------------+----------------------------------------------+
; Option         ; Setting                                      ;
+----------------+----------------------------------------------+
; JTAG usercode  ; 0x00270200                                   ;
; Checksum       ; 0x00270200                                   ;
+----------------+----------------------------------------------+


+--------------------+
; Assembler Messages ;
+--------------------+
