Analysis & Synthesis report for TLmaster
Mon Nov 05 13:41:43 2018
Quartus Prime Version 18.1.0 Build 625 09/12/2018 SJ Lite Edition


---------------------
; Table of Contents ;
---------------------
  1. Legal Notice
  2. Analysis & Synthesis Summary
  3. Analysis & Synthesis Settings
  4. Parallel Compilation
  5. Analysis & Synthesis Source Files Read
  6. Analysis & Synthesis Resource Usage Summary
  7. Analysis & Synthesis Resource Utilization by Entity
  8. Registers Removed During Synthesis
  9. Removed Registers Triggering Further Register Optimizations
 10. General Register Statistics
 11. Post-Synthesis Netlist Statistics for Top Partition
 12. Elapsed Time Per Partition
 13. Analysis & Synthesis Messages



----------------
; Legal Notice ;
----------------
Copyright (C) 2018  Intel Corporation. All rights reserved.
Your use of Intel Corporation's design tools, logic functions 
and other software and tools, and its AMPP partner logic 
functions, and any output files from any of the foregoing 
(including device programming or simulation files), and any 
associated documentation or information are expressly subject 
to the terms and conditions of the Intel Program License 
Subscription Agreement, the Intel Quartus Prime License Agreement,
the Intel FPGA IP License Agreement, or other applicable license
agreement, including, without limitation, that your use is for
the sole purpose of programming logic devices manufactured by
Intel and sold by Intel or its authorized distributors.  Please
refer to the applicable agreement for further details.



+----------------------------------------------------------------------------------+
; Analysis & Synthesis Summary                                                     ;
+------------------------------------+---------------------------------------------+
; Analysis & Synthesis Status        ; Successful - Mon Nov 05 13:41:43 2018       ;
; Quartus Prime Version              ; 18.1.0 Build 625 09/12/2018 SJ Lite Edition ;
; Revision Name                      ; TLmaster                                    ;
; Top-level Entity Name              ; TLmaster                                    ;
; Family                             ; MAX 10                                      ;
; Total logic elements               ; 12                                          ;
;     Total combinational functions  ; 12                                          ;
;     Dedicated logic registers      ; 3                                           ;
; Total registers                    ; 3                                           ;
; Total pins                         ; 32                                          ;
; Total virtual pins                 ; 0                                           ;
; Total memory bits                  ; 0                                           ;
; Embedded Multiplier 9-bit elements ; 0                                           ;
; Total PLLs                         ; 0                                           ;
; UFM blocks                         ; 0                                           ;
; ADC blocks                         ; 0                                           ;
+------------------------------------+---------------------------------------------+


+------------------------------------------------------------------------------------------------------------+
; Analysis & Synthesis Settings                                                                              ;
+------------------------------------------------------------------+--------------------+--------------------+
; Option                                                           ; Setting            ; Default Value      ;
+------------------------------------------------------------------+--------------------+--------------------+
; Device                                                           ; 10M50DAF484C7G     ;                    ;
; Top-level entity name                                            ; TLmaster           ; TLmaster           ;
; Family name                                                      ; MAX 10             ; Cyclone V          ;
; Use smart compilation                                            ; Off                ; Off                ;
; Enable parallel Assembler and Timing Analyzer during compilation ; On                 ; On                 ;
; Enable compact report table                                      ; Off                ; Off                ;
; Restructure Multiplexers                                         ; Auto               ; Auto               ;
; Create Debugging Nodes for IP Cores                              ; Off                ; Off                ;
; Preserve fewer node names                                        ; On                 ; On                 ;
; Intel FPGA IP Evaluation Mode                                    ; Enable             ; Enable             ;
; Verilog Version                                                  ; Verilog_2001       ; Verilog_2001       ;
; VHDL Version                                                     ; VHDL_1993          ; VHDL_1993          ;
; State Machine Processing                                         ; Auto               ; Auto               ;
; Safe State Machine                                               ; Off                ; Off                ;
; Extract Verilog State Machines                                   ; On                 ; On                 ;
; Extract VHDL State Machines                                      ; On                 ; On                 ;
; Ignore Verilog initial constructs                                ; Off                ; Off                ;
; Iteration limit for constant Verilog loops                       ; 5000               ; 5000               ;
; Iteration limit for non-constant Verilog loops                   ; 250                ; 250                ;
; Add Pass-Through Logic to Inferred RAMs                          ; On                 ; On                 ;
; Infer RAMs from Raw Logic                                        ; On                 ; On                 ;
; Parallel Synthesis                                               ; On                 ; On                 ;
; DSP Block Balancing                                              ; Auto               ; Auto               ;
; NOT Gate Push-Back                                               ; On                 ; On                 ;
; Power-Up Don't Care                                              ; On                 ; On                 ;
; Remove Redundant Logic Cells                                     ; Off                ; Off                ;
; Remove Duplicate Registers                                       ; On                 ; On                 ;
; Ignore CARRY Buffers                                             ; Off                ; Off                ;
; Ignore CASCADE Buffers                                           ; Off                ; Off                ;
; Ignore GLOBAL Buffers                                            ; Off                ; Off                ;
; Ignore ROW GLOBAL Buffers                                        ; Off                ; Off                ;
; Ignore LCELL Buffers                                             ; Off                ; Off                ;
; Ignore SOFT Buffers                                              ; On                 ; On                 ;
; Limit AHDL Integers to 32 Bits                                   ; Off                ; Off                ;
; Optimization Technique                                           ; Balanced           ; Balanced           ;
; Carry Chain Length                                               ; 70                 ; 70                 ;
; Auto Carry Chains                                                ; On                 ; On                 ;
; Auto Open-Drain Pins                                             ; On                 ; On                 ;
; Perform WYSIWYG Primitive Resynthesis                            ; Off                ; Off                ;
; Auto ROM Replacement                                             ; On                 ; On                 ;
; Auto RAM Replacement                                             ; On                 ; On                 ;
; Auto DSP Block Replacement                                       ; On                 ; On                 ;
; Auto Shift Register Replacement                                  ; Auto               ; Auto               ;
; Allow Shift Register Merging across Hierarchies                  ; Auto               ; Auto               ;
; Auto Clock Enable Replacement                                    ; On                 ; On                 ;
; Strict RAM Replacement                                           ; Off                ; Off                ;
; Allow Synchronous Control Signals                                ; On                 ; On                 ;
; Force Use of Synchronous Clear Signals                           ; Off                ; Off                ;
; Auto RAM Block Balancing                                         ; On                 ; On                 ;
; Auto RAM to Logic Cell Conversion                                ; Off                ; Off                ;
; Auto Resource Sharing                                            ; Off                ; Off                ;
; Allow Any RAM Size For Recognition                               ; Off                ; Off                ;
; Allow Any ROM Size For Recognition                               ; Off                ; Off                ;
; Allow Any Shift Register Size For Recognition                    ; Off                ; Off                ;
; Use LogicLock Constraints during Resource Balancing              ; On                 ; On                 ;
; Ignore translate_off and synthesis_off directives                ; Off                ; Off                ;
; Timing-Driven Synthesis                                          ; On                 ; On                 ;
; Report Parameter Settings                                        ; On                 ; On                 ;
; Report Source Assignments                                        ; On                 ; On                 ;
; Report Connectivity Checks                                       ; On                 ; On                 ;
; Ignore Maximum Fan-Out Assignments                               ; Off                ; Off                ;
; Synchronization Register Chain Length                            ; 2                  ; 2                  ;
; Power Optimization During Synthesis                              ; Normal compilation ; Normal compilation ;
; HDL message level                                                ; Level2             ; Level2             ;
; Suppress Register Optimization Related Messages                  ; Off                ; Off                ;
; Number of Removed Registers Reported in Synthesis Report         ; 5000               ; 5000               ;
; Number of Swept Nodes Reported in Synthesis Report               ; 5000               ; 5000               ;
; Number of Inverted Registers Reported in Synthesis Report        ; 100                ; 100                ;
; Clock MUX Protection                                             ; On                 ; On                 ;
; Auto Gated Clock Conversion                                      ; Off                ; Off                ;
; Block Design Naming                                              ; Auto               ; Auto               ;
; SDC constraint protection                                        ; Off                ; Off                ;
; Synthesis Effort                                                 ; Auto               ; Auto               ;
; Shift Register Replacement - Allow Asynchronous Clear Signal     ; On                 ; On                 ;
; Pre-Mapping Resynthesis Optimization                             ; Off                ; Off                ;
; Analysis & Synthesis Message Level                               ; Medium             ; Medium             ;
; Disable Register Merging Across Hierarchies                      ; Auto               ; Auto               ;
; Resource Aware Inference For Block RAM                           ; On                 ; On                 ;
+------------------------------------------------------------------+--------------------+--------------------+


+------------------------------------------+
; Parallel Compilation                     ;
+----------------------------+-------------+
; Processors                 ; Number      ;
+----------------------------+-------------+
; Number detected on machine ; 8           ;
; Maximum allowed            ; 4           ;
;                            ;             ;
; Average used               ; 1.00        ;
; Maximum used               ; 4           ;
;                            ;             ;
; Usage by Processor         ; % Time Used ;
;     Processor 1            ; 100.0%      ;
;     Processors 2-4         ;   0.0%      ;
+----------------------------+-------------+


+---------------------------------------------------------------------------------------------------------------------------------------------------------------------------------------------------------+
; Analysis & Synthesis Source Files Read                                                                                                                                                                  ;
+----------------------------------+-----------------+------------------------------------------+-----------------------------------------------------------------------------------------------+---------+
; File Name with User-Entered Path ; Used in Netlist ; File Type                                ; File Name with Absolute Path                                                                  ; Library ;
+----------------------------------+-----------------+------------------------------------------+-----------------------------------------------------------------------------------------------+---------+
; ../div100M/div10/div10.bdf       ; yes             ; User Block Diagram/Schematic File        ; C:/Users/Owner/Desktop/Electricssssssssssssssssss/Summutive/div100M/div10/div10.bdf           ;         ;
; ../div100M/div100M.bdf           ; yes             ; User Block Diagram/Schematic File        ; C:/Users/Owner/Desktop/Electricssssssssssssssssss/Summutive/div100M/div100M.bdf               ;         ;
; ../TLController/TLController.bdf ; yes             ; User Block Diagram/Schematic File        ; C:/Users/Owner/Desktop/Electricssssssssssssssssss/Summutive/TLController/TLController.bdf     ;         ;
; ../CarCounter/CarCounter.bdf     ; yes             ; User Block Diagram/Schematic File        ; C:/Users/Owner/Desktop/Electricssssssssssssssssss/Summutive/CarCounter/CarCounter.bdf         ;         ;
; TLmaster.bdf                     ; yes             ; User Block Diagram/Schematic File        ; C:/Users/Owner/Desktop/Electricssssssssssssssssss/Summutive/TLmaster/TLmaster.bdf             ;         ;
; 7seg.bdf                         ; yes             ; Auto-Found Block Diagram/Schematic File  ; c:/users/owner/desktop/electricssssssssssssssssss/summutive/7seg/7seg.bdf                     ;         ;
; t4_8.bdf                         ; yes             ; Auto-Found Block Diagram/Schematic File  ; c:/users/owner/desktop/electricssssssssssssssssss/summutive/t4_8/t4_8.bdf                     ;         ;
; trafficdecoder.bdf               ; yes             ; Auto-Found Block Diagram/Schematic File  ; c:/users/owner/desktop/electricssssssssssssssssss/summutive/trafficdecoder/trafficdecoder.bdf ;         ;
+----------------------------------+-----------------+------------------------------------------+-----------------------------------------------------------------------------------------------+---------+


+-----------------------------------------------------------------------+
; Analysis & Synthesis Resource Usage Summary                           ;
+---------------------------------------------+-------------------------+
; Resource                                    ; Usage                   ;
+---------------------------------------------+-------------------------+
; Estimated Total logic elements              ; 12                      ;
;                                             ;                         ;
; Total combinational functions               ; 12                      ;
; Logic element usage by number of LUT inputs ;                         ;
;     -- 4 input functions                    ; 0                       ;
;     -- 3 input functions                    ; 11                      ;
;     -- <=2 input functions                  ; 1                       ;
;                                             ;                         ;
; Logic elements by mode                      ;                         ;
;     -- normal mode                          ; 12                      ;
;     -- arithmetic mode                      ; 0                       ;
;                                             ;                         ;
; Total registers                             ; 3                       ;
;     -- Dedicated logic registers            ; 3                       ;
;     -- I/O registers                        ; 0                       ;
;                                             ;                         ;
; I/O pins                                    ; 32                      ;
;                                             ;                         ;
; Embedded Multiplier 9-bit elements          ; 0                       ;
;                                             ;                         ;
; Maximum fan-out node                        ; CarCounter:inst17|inst5 ;
; Maximum fan-out                             ; 11                      ;
; Total fan-out                               ; 84                      ;
; Average fan-out                             ; 1.06                    ;
+---------------------------------------------+-------------------------+


+--------------------------------------------------------------------------------------------------------------------------------------------------------------------------------------------------------------------------------------------+
; Analysis & Synthesis Resource Utilization by Entity                                                                                                                                                                                        ;
+----------------------------+---------------------+---------------------------+-------------+------------+--------------+---------+-----------+------+--------------+------------+-----------------------------+-------------+--------------+
; Compilation Hierarchy Node ; Combinational ALUTs ; Dedicated Logic Registers ; Memory Bits ; UFM Blocks ; DSP Elements ; DSP 9x9 ; DSP 18x18 ; Pins ; Virtual Pins ; ADC blocks ; Full Hierarchy Name         ; Entity Name ; Library Name ;
+----------------------------+---------------------+---------------------------+-------------+------------+--------------+---------+-----------+------+--------------+------------+-----------------------------+-------------+--------------+
; |TLmaster                  ; 12 (0)              ; 3 (0)                     ; 0           ; 0          ; 0            ; 0       ; 0         ; 32   ; 0            ; 0          ; |TLmaster                   ; TLmaster    ; work         ;
;    |7seg:inst7|            ; 8 (8)               ; 0 (0)                     ; 0           ; 0          ; 0            ; 0       ; 0         ; 0    ; 0            ; 0          ; |TLmaster|7seg:inst7        ; 7seg        ; work         ;
;    |CarCounter:inst17|     ; 4 (4)               ; 3 (3)                     ; 0           ; 0          ; 0            ; 0       ; 0         ; 0    ; 0            ; 0          ; |TLmaster|CarCounter:inst17 ; CarCounter  ; work         ;
+----------------------------+---------------------+---------------------------+-------------+------------+--------------+---------+-----------+------+--------------+------------+-----------------------------+-------------+--------------+
Note: For table entries with two numbers listed, the numbers in parentheses indicate the number of resources of the given type used by the specific entity alone. The numbers listed outside of parentheses indicate the total resources of the given type used by the specific entity and all of its sub-entities in the hierarchy.


+-------------------------------------------------------------------------------+
; Registers Removed During Synthesis                                            ;
+----------------------------------------+--------------------------------------+
; Register name                          ; Reason for Removal                   ;
+----------------------------------------+--------------------------------------+
; div100M:inst5|div10:inst8|inst3        ; Stuck at GND due to stuck port clear ;
; div100M:inst5|div10:inst8|inst2        ; Stuck at GND due to stuck port clear ;
; div100M:inst5|div10:inst8|inst         ; Stuck at GND due to stuck port clear ;
; div100M:inst5|div10:inst8|inst1        ; Stuck at GND due to stuck port clear ;
; div100M:inst5|div10:inst9|inst3        ; Stuck at GND due to stuck port clear ;
; div100M:inst5|div10:inst9|inst2        ; Stuck at GND due to stuck port clear ;
; div100M:inst5|div10:inst9|inst         ; Stuck at GND due to stuck port clear ;
; div100M:inst5|div10:inst9|inst1        ; Stuck at GND due to stuck port clear ;
; div100M:inst5|div10:inst10|inst3       ; Stuck at GND due to stuck port clear ;
; div100M:inst5|div10:inst10|inst2       ; Stuck at GND due to stuck port clear ;
; div100M:inst5|div10:inst10|inst        ; Stuck at GND due to stuck port clear ;
; div100M:inst5|div10:inst10|inst1       ; Stuck at GND due to stuck port clear ;
; div100M:inst5|div10:inst11|inst3       ; Stuck at GND due to stuck port clear ;
; div100M:inst5|div10:inst11|inst2       ; Stuck at GND due to stuck port clear ;
; div100M:inst5|div10:inst11|inst        ; Stuck at GND due to stuck port clear ;
; div100M:inst5|div10:inst11|inst1       ; Stuck at GND due to stuck port clear ;
; div100M:inst5|div10:inst13|inst3       ; Stuck at GND due to stuck port clear ;
; div100M:inst5|div10:inst13|inst2       ; Stuck at GND due to stuck port clear ;
; div100M:inst5|div10:inst13|inst        ; Stuck at GND due to stuck port clear ;
; div100M:inst5|div10:inst13|inst1       ; Stuck at GND due to stuck port clear ;
; div100M:inst5|div10:inst12|inst3       ; Stuck at GND due to stuck port clear ;
; div100M:inst5|div10:inst12|inst2       ; Stuck at GND due to stuck port clear ;
; div100M:inst5|div10:inst12|inst        ; Stuck at GND due to stuck port clear ;
; div100M:inst5|div10:inst12|inst1       ; Stuck at GND due to stuck port clear ;
; div100M:inst5|div10:inst14|inst3       ; Stuck at GND due to stuck port clear ;
; div100M:inst5|div10:inst14|inst2       ; Stuck at GND due to stuck port clear ;
; div100M:inst5|div10:inst14|inst        ; Stuck at GND due to stuck port clear ;
; div100M:inst5|div10:inst14|inst1       ; Stuck at GND due to stuck port clear ;
; div100M:inst5|div10:inst15|inst3       ; Stuck at GND due to stuck port clear ;
; div100M:inst5|div10:inst15|inst2       ; Stuck at GND due to stuck port clear ;
; div100M:inst5|div10:inst15|inst        ; Stuck at GND due to stuck port clear ;
; div100M:inst5|div10:inst15|inst1       ; Stuck at GND due to stuck port clear ;
; T4_8:inst2|inst16                      ; Stuck at GND due to stuck port clock ;
; T4_8:inst2|inst15                      ; Stuck at GND due to stuck port clock ;
; TLController:inst10|inst8              ; Stuck at GND due to stuck port clock ;
; TLController:inst10|inst6              ; Stuck at VCC due to stuck port clock ;
; TLController:inst10|inst7              ; Stuck at VCC due to stuck port clock ;
; Total Number of Removed Registers = 37 ;                                      ;
+----------------------------------------+--------------------------------------+


+----------------------------------------------------------------------------------------------------------------------------------------------+
; Removed Registers Triggering Further Register Optimizations                                                                                  ;
+----------------------------------+-------------------------+---------------------------------------------------------------------------------+
; Register name                    ; Reason for Removal      ; Registers Removed due to This Register                                          ;
+----------------------------------+-------------------------+---------------------------------------------------------------------------------+
; div100M:inst5|div10:inst8|inst3  ; Stuck at GND            ; div100M:inst5|div10:inst8|inst2, T4_8:inst2|inst16, T4_8:inst2|inst15,          ;
;                                  ; due to stuck port clear ; TLController:inst10|inst8, TLController:inst10|inst6, TLController:inst10|inst7 ;
; div100M:inst5|div10:inst13|inst3 ; Stuck at GND            ; div100M:inst5|div10:inst13|inst2, div100M:inst5|div10:inst12|inst3,             ;
;                                  ; due to stuck port clear ; div100M:inst5|div10:inst12|inst2, div100M:inst5|div10:inst12|inst,              ;
;                                  ;                         ; div100M:inst5|div10:inst12|inst1                                                ;
; div100M:inst5|div10:inst9|inst3  ; Stuck at GND            ; div100M:inst5|div10:inst9|inst2                                                 ;
;                                  ; due to stuck port clear ;                                                                                 ;
; div100M:inst5|div10:inst10|inst3 ; Stuck at GND            ; div100M:inst5|div10:inst10|inst2                                                ;
;                                  ; due to stuck port clear ;                                                                                 ;
; div100M:inst5|div10:inst11|inst3 ; Stuck at GND            ; div100M:inst5|div10:inst11|inst2                                                ;
;                                  ; due to stuck port clear ;                                                                                 ;
; div100M:inst5|div10:inst14|inst3 ; Stuck at GND            ; div100M:inst5|div10:inst14|inst2                                                ;
;                                  ; due to stuck port clear ;                                                                                 ;
; div100M:inst5|div10:inst15|inst3 ; Stuck at GND            ; div100M:inst5|div10:inst15|inst2                                                ;
;                                  ; due to stuck port clear ;                                                                                 ;
+----------------------------------+-------------------------+---------------------------------------------------------------------------------+


+------------------------------------------------------+
; General Register Statistics                          ;
+----------------------------------------------+-------+
; Statistic                                    ; Value ;
+----------------------------------------------+-------+
; Total registers                              ; 3     ;
; Number of registers using Synchronous Clear  ; 0     ;
; Number of registers using Synchronous Load   ; 0     ;
; Number of registers using Asynchronous Clear ; 3     ;
; Number of registers using Asynchronous Load  ; 0     ;
; Number of registers using Clock Enable       ; 0     ;
; Number of registers using Preset             ; 0     ;
+----------------------------------------------+-------+


+-----------------------------------------------------+
; Post-Synthesis Netlist Statistics for Top Partition ;
+-----------------------+-----------------------------+
; Type                  ; Count                       ;
+-----------------------+-----------------------------+
; boundary_port         ; 32                          ;
; cycloneiii_ff         ; 3                           ;
;     CLR               ; 3                           ;
; cycloneiii_lcell_comb ; 22                          ;
;     normal            ; 22                          ;
;         0 data inputs ; 2                           ;
;         1 data inputs ; 8                           ;
;         2 data inputs ; 1                           ;
;         3 data inputs ; 11                          ;
;                       ;                             ;
; Max LUT depth         ; 2.00                        ;
; Average LUT depth     ; 1.57                        ;
+-----------------------+-----------------------------+


+-------------------------------+
; Elapsed Time Per Partition    ;
+----------------+--------------+
; Partition Name ; Elapsed Time ;
+----------------+--------------+
; Top            ; 00:00:01     ;
+----------------+--------------+


+-------------------------------+
; Analysis & Synthesis Messages ;
+-------------------------------+
Info: *******************************************************************
Info: Running Quartus Prime Analysis & Synthesis
    Info: Version 18.1.0 Build 625 09/12/2018 SJ Lite Edition
    Info: Processing started: Mon Nov 05 13:41:27 2018
Info: Command: quartus_map --read_settings_files=on --write_settings_files=off TLmaster -c TLmaster
Warning (18236): Number of processors has not been specified which may cause overloading on shared machines.  Set the global assignment NUM_PARALLEL_PROCESSORS in your QSF to an appropriate value for best performance.
Info (20030): Parallel compilation is enabled and will use 4 of the 4 processors detected
Info (12021): Found 1 design units, including 1 entities, in source file /users/owner/desktop/electricssssssssssssssssss/summutive/div100m/div10/div10.bdf
    Info (12023): Found entity 1: div10
Info (12021): Found 1 design units, including 1 entities, in source file /users/owner/desktop/electricssssssssssssssssss/summutive/div100m/div100m.bdf
    Info (12023): Found entity 1: div100M
Info (12021): Found 1 design units, including 1 entities, in source file /users/owner/desktop/electricssssssssssssssssss/summutive/tlcontroller/tlcontroller.bdf
    Info (12023): Found entity 1: TLController
Info (12021): Found 1 design units, including 1 entities, in source file /users/owner/desktop/electricssssssssssssssssss/summutive/carcounter/carcounter.bdf
    Info (12023): Found entity 1: CarCounter
Info (12021): Found 1 design units, including 1 entities, in source file tlmaster.bdf
    Info (12023): Found entity 1: TLmaster
Info (12127): Elaborating entity "TLmaster" for the top level hierarchy
Warning (12125): Using design file /users/owner/desktop/electricssssssssssssssssss/summutive/7seg/7seg.bdf, which is not specified as a design file for the current project, but contains definitions for 1 design units and 1 entities in project
    Info (12023): Found entity 1: 7seg
Info (12128): Elaborating entity "7seg" for hierarchy "7seg:inst1"
Info (12128): Elaborating entity "TLController" for hierarchy "TLController:inst10"
Warning (275008): Primitive "NOT" of instance "inst4" not used
Warning (275008): Primitive "NOT" of instance "inst5" not used
Warning (12125): Using design file /users/owner/desktop/electricssssssssssssssssss/summutive/t4_8/t4_8.bdf, which is not specified as a design file for the current project, but contains definitions for 1 design units and 1 entities in project
    Info (12023): Found entity 1: T4_8
Info (12128): Elaborating entity "T4_8" for hierarchy "T4_8:inst2"
Info (12128): Elaborating entity "div100M" for hierarchy "div100M:inst5"
Info (12128): Elaborating entity "div10" for hierarchy "div100M:inst5|div10:inst15"
Info (12128): Elaborating entity "CarCounter" for hierarchy "CarCounter:inst17"
Warning (275008): Primitive "NOT" of instance "inst" not used
Warning (12125): Using design file /users/owner/desktop/electricssssssssssssssssss/summutive/trafficdecoder/trafficdecoder.bdf, which is not specified as a design file for the current project, but contains definitions for 1 design units and 1 entities in project
    Info (12023): Found entity 1: TrafficDecoder
Info (12128): Elaborating entity "TrafficDecoder" for hierarchy "TrafficDecoder:bbbbb"
Warning (13024): Output pins are stuck at VCC or GND
    Warning (13410): Pin "seg_a" is stuck at GND
    Warning (13410): Pin "seg_b" is stuck at VCC
    Warning (13410): Pin "seg_c" is stuck at GND
    Warning (13410): Pin "seg_d" is stuck at GND
    Warning (13410): Pin "seg_e" is stuck at GND
    Warning (13410): Pin "seg_f" is stuck at GND
    Warning (13410): Pin "seg_g" is stuck at GND
    Warning (13410): Pin "seg_dp" is stuck at GND
    Warning (13410): Pin "MREDN" is stuck at VCC
    Warning (13410): Pin "MREDS" is stuck at VCC
    Warning (13410): Pin "MYELLOWS" is stuck at GND
    Warning (13410): Pin "MYELLOWN" is stuck at GND
    Warning (13410): Pin "MGREENS" is stuck at GND
    Warning (13410): Pin "MGREENN" is stuck at GND
    Warning (13410): Pin "SREDN" is stuck at VCC
    Warning (13410): Pin "SREDS" is stuck at VCC
    Warning (13410): Pin "SYELLOWN" is stuck at GND
    Warning (13410): Pin "SYELLOWS" is stuck at GND
    Warning (13410): Pin "SGREENN" is stuck at GND
    Warning (13410): Pin "SGREENS" is stuck at GND
Info (286030): Timing-Driven Synthesis is running
Info (16010): Generating hard_block partition "hard_block:auto_generated_inst"
    Info (16011): Adding 0 node(s), including 0 DDIO, 0 PLL, 0 transceiver and 0 LCELL
Warning (21074): Design contains 1 input pin(s) that do not drive logic
    Warning (15610): No output dependent on input pin "clk"
Info (21057): Implemented 44 device resources after synthesis - the final resource count might be different
    Info (21058): Implemented 4 input pins
    Info (21059): Implemented 28 output pins
    Info (21061): Implemented 12 logic cells
Info: Quartus Prime Analysis & Synthesis was successful. 0 errors, 30 warnings
    Info: Peak virtual memory: 631 megabytes
    Info: Processing ended: Mon Nov 05 13:41:43 2018
    Info: Elapsed time: 00:00:16
    Info: Total CPU time (on all processors): 00:00:34


